<?xml version="1.0" encoding="UTF-8"?>
<!-- Generated by org.testng.reporters.JUnitXMLReporter -->
<testsuite ignored="0" hostname="DESKTOP-7DKENU5" failures="1" tests="2" name="Login" time="2.138" errors="0" timestamp="03 Dec 2022 22:50:12 GMT">
  <testcase classname="com.training.tests.LoginTest" name="@BeforeMethod beforeMethod" time="1.92">
    <failure type="io.github.bonigarcia.wdm.config.WebDriverManagerException" message="io.github.bonigarcia.wdm.config.WebDriverManagerException: org.xml.sax.SAXParseException; lineNumber: 633; columnNumber: 5; The element type &amp;quot;meta&amp;quot; must be terminated by the matching end-tag &amp;quot;&amp;lt;/meta&amp;gt;&amp;quot;.">
      <![CDATA[io.github.bonigarcia.wdm.config.WebDriverManagerException: io.github.bonigarcia.wdm.config.WebDriverManagerException: org.xml.sax.SAXParseException; lineNumber: 633; columnNumber: 5; The element type "meta" must be terminated by the matching end-tag "</meta>".
at io.github.bonigarcia.wdm.WebDriverManager.handleException(WebDriverManager.java:1422)
at io.github.bonigarcia.wdm.WebDriverManager.manage(WebDriverManager.java:1203)
at io.github.bonigarcia.wdm.WebDriverManager.fallback(WebDriverManager.java:1438)
at io.github.bonigarcia.wdm.WebDriverManager.handleException(WebDriverManager.java:1419)
at io.github.bonigarcia.wdm.WebDriverManager.manage(WebDriverManager.java:1203)
at io.github.bonigarcia.wdm.WebDriverManager.handleException(WebDriverManager.java:1412)
at io.github.bonigarcia.wdm.WebDriverManager.manage(WebDriverManager.java:1203)
at io.github.bonigarcia.wdm.WebDriverManager.setup(WebDriverManager.java:418)
at com.training.base.BaseTest.getDriver(BaseTest.java:28)
at com.training.tests.LoginTest.beforeMethod(LoginTest.java:44)
Caused by: io.github.bonigarcia.wdm.config.WebDriverManagerException: org.xml.sax.SAXParseException; lineNumber: 633; columnNumber: 5; The element type "meta" must be terminated by the matching end-tag "</meta>".
at io.github.bonigarcia.wdm.WebDriverManager.getDriversFromXml(WebDriverManager.java:1576)
at io.github.bonigarcia.wdm.managers.ChromeDriverManager.getDriverUrls(ChromeDriverManager.java:103)
at io.github.bonigarcia.wdm.WebDriverManager.createUrlHandler(WebDriverManager.java:1443)
at io.github.bonigarcia.wdm.WebDriverManager.download(WebDriverManager.java:1278)
at io.github.bonigarcia.wdm.WebDriverManager.manage(WebDriverManager.java:1197)
... 34 more
Caused by: org.xml.sax.SAXParseException; lineNumber: 633; columnNumber: 5; The element type "meta" must be terminated by the matching end-tag "</meta>".
at java.xml/com.sun.org.apache.xerces.internal.parsers.DOMParser.parse(DOMParser.java:262)
at java.xml/com.sun.org.apache.xerces.internal.jaxp.DocumentBuilderImpl.parse(DocumentBuilderImpl.java:342)
at io.github.bonigarcia.wdm.WebDriverManager.loadXML(WebDriverManager.java:1590)
at io.github.bonigarcia.wdm.WebDriverManager.getDriversFromXml(WebDriverManager.java:1562)
... 38 more
... Removed 26 stack frames]]>
    </failure>
  </testcase> <!-- @BeforeMethod beforeMethod -->
  <testcase classname="com.training.tests.LoginTest" name="clearPasswordfield" time="0.0">
    <skipped/>
  </testcase> <!-- clearPasswordfield -->
  <testcase classname="com.training.tests.LoginTest" name="clearPasswordfield" time="2.119">
    <failure type="java.lang.NullPointerException" message="Cannot invoke &amp;quot;com.aventstack.extentreports.ExtentTest.log(com.aventstack.extentreports.Status, String)&amp;quot; because the return value of &amp;quot;com.training.listerners.ExtentTestManager.getTest()&amp;quot; is null">
      <![CDATA[java.lang.NullPointerException: Cannot invoke "com.aventstack.extentreports.ExtentTest.log(com.aventstack.extentreports.Status, String)" because the return value of "com.training.listerners.ExtentTestManager.getTest()" is null
at com.training.listerners.TestListener.onTestSkipped(TestListener.java:41)
... Removed 23 stack frames]]>
    </failure>
  </testcase> <!-- clearPasswordfield -->
</testsuite> <!-- Login -->
