<?xml version="1.0" encoding="UTF-8"?>
<!-- Generated by org.testng.reporters.JUnitXMLReporter -->
<testsuite ignored="2" hostname="DESKTOP-7DKENU5" failures="0" tests="1" name="Default test" time="32.646" errors="0" timestamp="06 Dec 2022 16:21:29 GMT">
  <testcase classname="com.training.tests.RandomScenariosTest" name="TC_35_Verifycustomizationtab" time="12.71"/>
  <testcase classname="com.training.tests.RandomScenariosTest" name="TC_33_ClickUserProfileName" time="0.0">
    <ignored/>
  </testcase> <!-- TC_33_ClickUserProfileName -->
  <testcase classname="com.training.tests.RandomScenariosTest" name="TC_34_ClickUserProfileNameAndEdit" time="0.0">
    <ignored/>
  </testcase> <!-- TC_34_ClickUserProfileNameAndEdit -->
</testsuite> <!-- Default test -->
