<?xml version="1.0" encoding="UTF-8"?>
<testng-results ignored="2" total="3" passed="1" failed="0" skipped="0">
  <reporter-output>
  </reporter-output>
  <suite started-at="2022-12-06T16:20:56Z" name="Default suite" finished-at="2022-12-06T16:21:29Z" duration-ms="32646">
    <groups>
    </groups>
    <test started-at="2022-12-06T16:20:56Z" name="Default test" finished-at="2022-12-06T16:21:29Z" duration-ms="32646">
      <class name="com.training.tests.RandomScenariosTest">
        <test-method is-config="true" signature="beforeMethod()[pri:0, instance:com.training.tests.RandomScenariosTest@6440112d]" started-at="2022-12-06T16:20:56Z" name="beforeMethod" finished-at="2022-12-06T16:21:00Z" duration-ms="3491" status="PASS">
          <reporter-output>
          </reporter-output>
        </test-method> <!-- beforeMethod -->
        <test-method signature="TC_35_Verifycustomizationtab()[pri:0, instance:com.training.tests.RandomScenariosTest@6440112d]" started-at="2022-12-06T16:21:00Z" name="TC_35_Verifycustomizationtab" finished-at="2022-12-06T16:21:12Z" duration-ms="12710" status="PASS">
          <reporter-output>
          </reporter-output>
        </test-method> <!-- TC_35_Verifycustomizationtab -->
        <test-method is-config="true" signature="teardown()[pri:0, instance:com.training.tests.RandomScenariosTest@6440112d]" started-at="2022-12-06T16:21:12Z" name="teardown" finished-at="2022-12-06T16:21:29Z" duration-ms="16411" status="PASS">
          <reporter-output>
          </reporter-output>
        </test-method> <!-- teardown -->
      </class> <!-- com.training.tests.RandomScenariosTest -->
    </test> <!-- Default test -->
  </suite> <!-- Default suite -->
</testng-results>
